Flow report for MKRVIDOR4000
Sat Feb  9 08:05:19 2019
Quartus Prime Version 18.1.0 Build 625 09/12/2018 SJ Lite Edition


---------------------
; Table of Contents ;
---------------------
  1. Legal Notice
  2. Flow Summary
  3. Flow Settings
  4. Flow Non-Default Global Settings
  5. Flow Elapsed Time
  6. Flow OS Summary
  7. Flow Log
  8. Flow Messages
  9. Flow Suppressed Messages



----------------
; Legal Notice ;
----------------
Copyright (C) 2018  Intel Corporation. All rights reserved.
Your use of Intel Corporation's design tools, logic functions 
and other software and tools, and its AMPP partner logic 
functions, and any output files from any of the foregoing 
(including device programming or simulation files), and any 
associated documentation or information are expressly subject 
to the terms and conditions of the Intel Program License 
Subscription Agreement, the Intel Quartus Prime License Agreement,
the Intel FPGA IP License Agreement, or other applicable license
agreement, including, without limitation, that your use is for
the sole purpose of programming logic devices manufactured by
Intel and sold by Intel or its authorized distributors.  Please
refer to the applicable agreement for further details.



+----------------------------------------------------------------------------------+
; Flow Summary                                                                     ;
+------------------------------------+---------------------------------------------+
; Flow Status                        ; Successful - Sat Feb  9 08:05:19 2019       ;
; Quartus Prime Version              ; 18.1.0 Build 625 09/12/2018 SJ Lite Edition ;
; Revision Name                      ; MKRVIDOR4000                                ;
; Top-level Entity Name              ; MKRVIDOR4000_top                            ;
; Family                             ; Cyclone 10 LP                               ;
; Device                             ; 10CL016YU256C8G                             ;
; Timing Models                      ; Final                                       ;
; Total logic elements               ; 79 / 15,408 ( < 1 % )                       ;
;     Total combinational functions  ; 67 / 15,408 ( < 1 % )                       ;
;     Dedicated logic registers      ; 64 / 15,408 ( < 1 % )                       ;
; Total registers                    ; 64                                          ;
; Total pins                         ; 138 / 163 ( 85 % )                          ;
; Total virtual pins                 ; 0                                           ;
; Total memory bits                  ; 0 / 516,096 ( 0 % )                         ;
; Embedded Multiplier 9-bit elements ; 0 / 112 ( 0 % )                             ;
; Total PLLs                         ; 1 / 4 ( 25 % )                              ;
+------------------------------------+---------------------------------------------+


+-----------------------------------------+
; Flow Settings                           ;
+-------------------+---------------------+
; Option            ; Setting             ;
+-------------------+---------------------+
; Start date & time ; 02/09/2019 08:04:58 ;
; Main task         ; Compilation         ;
; Revision Name     ; MKRVIDOR4000        ;
+-------------------+---------------------+


+----------------------------------------------------------------------------------------------------------------------------------------------------------+
; Flow Non-Default Global Settings                                                                                                                         ;
+--------------------------------------+-------------------------------------------------------------------+---------------+------------------+------------+
; Assignment Name                      ; Value                                                             ; Default Value ; Entity Name      ; Section Id ;
+--------------------------------------+-------------------------------------------------------------------+---------------+------------------+------------+
; COMPILER_SIGNATURE_ID                ; 246631038489408.154969589831524                                   ; --            ; --               ; --         ;
; ENABLE_SIGNALTAP                     ; Off                                                               ; --            ; --               ; --         ;
; FITTER_EFFORT                        ; Standard Fit                                                      ; Auto Fit      ; --               ; --         ;
; IGNORE_PARTITIONS                    ; On                                                                ; Off           ; --               ; --         ;
; MAX_CORE_JUNCTION_TEMP               ; 85                                                                ; --            ; --               ; --         ;
; MIN_CORE_JUNCTION_TEMP               ; 0                                                                 ; --            ; --               ; --         ;
; MISC_FILE                            ; ../../ip/SYSTEM_PLL/SYSTEM_PLL.ppf                                ; --            ; --               ; --         ;
; MISC_FILE                            ; forearm_control/synthesis/../forearm_control.cmp                  ; --            ; --               ; --         ;
; MISC_FILE                            ; forearm_control/synthesis/../../forearm_control.qsys              ; --            ; --               ; --         ;
; MUX_RESTRUCTURE                      ; Off                                                               ; Auto          ; --               ; --         ;
; OPTIMIZATION_MODE                    ; Aggressive Performance                                            ; Balanced      ; --               ; --         ;
; OUTPUT_IO_TIMING_FAR_END_VMEAS       ; Half Signal Swing                                                 ; --            ; --               ; --         ;
; OUTPUT_IO_TIMING_FAR_END_VMEAS       ; Half Signal Swing                                                 ; --            ; --               ; --         ;
; OUTPUT_IO_TIMING_NEAR_END_VMEAS      ; Half Vccio                                                        ; --            ; --               ; --         ;
; OUTPUT_IO_TIMING_NEAR_END_VMEAS      ; Half Vccio                                                        ; --            ; --               ; --         ;
; PARTITION_COLOR                      ; -- (Not supported for targeted family)                            ; --            ; MKRVIDOR4000_top ; Top        ;
; PARTITION_FITTER_PRESERVATION_LEVEL  ; -- (Not supported for targeted family)                            ; --            ; MKRVIDOR4000_top ; Top        ;
; PARTITION_NETLIST_TYPE               ; -- (Not supported for targeted family)                            ; --            ; MKRVIDOR4000_top ; Top        ;
; PHYSICAL_SYNTHESIS_COMBO_LOGIC       ; On                                                                ; Off           ; --               ; --         ;
; PHYSICAL_SYNTHESIS_REGISTER_RETIMING ; On                                                                ; Off           ; --               ; --         ;
; PLACEMENT_EFFORT_MULTIPLIER          ; 4.0                                                               ; 1.0           ; --               ; --         ;
; POWER_BOARD_THERMAL_MODEL            ; None (CONSERVATIVE)                                               ; --            ; --               ; --         ;
; POWER_DEFAULT_INPUT_IO_TOGGLE_RATE   ; 100%                                                              ; 12.5%         ; --               ; --         ;
; POWER_PRESET_COOLING_SOLUTION        ; 23 MM HEAT SINK WITH 200 LFPM AIRFLOW                             ; --            ; --               ; --         ;
; PROJECT_OUTPUT_DIRECTORY             ; output_files                                                      ; --            ; --               ; --         ;
; ROUTER_TIMING_OPTIMIZATION_LEVEL     ; MAXIMUM                                                           ; Normal        ; --               ; --         ;
; SLD_FILE                             ; forearm_control/synthesis/forearm_control.debuginfo               ; --            ; --               ; --         ;
; SLD_INFO                             ; QSYS_NAME forearm_control HAS_SOPCINFO 1 GENERATION_ID 1549507418 ; --            ; forearm_control  ; --         ;
; SMART_RECOMPILE                      ; On                                                                ; Off           ; --               ; --         ;
; SOPCINFO_FILE                        ; forearm_control/synthesis/../../forearm_control.sopcinfo          ; --            ; --               ; --         ;
; SYNTHESIS_ONLY_QIP                   ; On                                                                ; --            ; --               ; --         ;
; TOP_LEVEL_ENTITY                     ; MKRVIDOR4000_top                                                  ; MKRVIDOR4000  ; --               ; --         ;
; VERILOG_INPUT_VERSION                ; SystemVerilog_2005                                                ; Verilog_2001  ; --               ; --         ;
; VERILOG_SHOW_LMF_MAPPING_MESSAGES    ; Off                                                               ; --            ; --               ; --         ;
+--------------------------------------+-------------------------------------------------------------------+---------------+------------------+------------+


+--------------------------------------------------------------------------------------------------------------------------+
; Flow Elapsed Time                                                                                                        ;
+----------------------+--------------+-------------------------+---------------------+------------------------------------+
; Module Name          ; Elapsed Time ; Average Processors Used ; Peak Virtual Memory ; Total CPU Time (on all processors) ;
+----------------------+--------------+-------------------------+---------------------+------------------------------------+
; Analysis & Synthesis ; 00:00:13     ; 1.0                     ; 1179 MB             ; 00:00:36                           ;
; Fitter               ; 00:00:06     ; 1.2                     ; 2526 MB             ; 00:00:11                           ;
; Assembler            ; 00:00:01     ; 1.0                     ; 822 MB              ; 00:00:02                           ;
; Total                ; 00:00:20     ; --                      ; --                  ; 00:00:49                           ;
+----------------------+--------------+-------------------------+---------------------+------------------------------------+


+----------------------------------------------------------------------------------------+
; Flow OS Summary                                                                        ;
+----------------------+------------------+----------------+------------+----------------+
; Module Name          ; Machine Hostname ; OS Name        ; OS Version ; Processor type ;
+----------------------+------------------+----------------+------------+----------------+
; Analysis & Synthesis ; base             ; Ubuntu 18.04.1 ; 18         ; x86_64         ;
; Fitter               ; base             ; Ubuntu 18.04.1 ; 18         ; x86_64         ;
; Assembler            ; base             ; Ubuntu 18.04.1 ; 18         ; x86_64         ;
+----------------------+------------------+----------------+------------+----------------+


------------
; Flow Log ;
------------
quartus_map --read_settings_files=on --write_settings_files=off MKRVIDOR4000 -c MKRVIDOR4000
quartus_fit --read_settings_files=off --write_settings_files=off MKRVIDOR4000 -c MKRVIDOR4000
quartus_asm --read_settings_files=off --write_settings_files=off MKRVIDOR4000 -c MKRVIDOR4000



